<?xml version="1.0" encoding="UTF-8"?>
<testng-results skipped="0" failed="0" total="1" passed="1">
  <reporter-output>
    <line>
      <![CDATA[element is present]]>
    </line>
  </reporter-output>
  <suite name="Suite" duration-ms="26671" started-at="2019-06-05T04:15:24Z" finished-at="2019-06-05T04:15:51Z">
    <groups>
    </groups>
    <test name="Test" duration-ms="26671" started-at="2019-06-05T04:15:24Z" finished-at="2019-06-05T04:15:51Z">
      <class name="scripts.Invalidlogin">
        <test-method status="PASS" signature="openappl()[pri:0, instance:scripts.Invalidlogin@129a8472]" name="openappl" is-config="true" duration-ms="12101" started-at="2019-06-05T09:45:24Z" finished-at="2019-06-05T09:45:36Z">
          <reporter-output>
          </reporter-output>
        </test-method> <!-- openappl -->
        <test-method status="PASS" signature="testInvalidlogin()[pri:0, instance:scripts.Invalidlogin@129a8472]" name="testInvalidlogin" duration-ms="12907" started-at="2019-06-05T09:45:36Z" finished-at="2019-06-05T09:45:49Z">
          <reporter-output>
            <line>
              <![CDATA[element is present]]>
            </line>
          </reporter-output>
        </test-method> <!-- testInvalidlogin -->
        <test-method status="PASS" signature="closeappl()[pri:0, instance:scripts.Invalidlogin@129a8472]" name="closeappl" is-config="true" duration-ms="1647" started-at="2019-06-05T09:45:49Z" finished-at="2019-06-05T09:45:51Z">
          <reporter-output>
          </reporter-output>
        </test-method> <!-- closeappl -->
      </class> <!-- scripts.Invalidlogin -->
    </test> <!-- Test -->
  </suite> <!-- Suite -->
</testng-results>
